{"/Users/savasozcan/Documents/bilgeadam/fow.ui.v2/src/utils/getFirstLetters.ts": {"path":"/Users/savasozcan/Documents/bilgeadam/fow.ui.v2/src/utils/getFirstLetters.ts","statementMap":{"0":{"start":{"line":1,"column":0},"end":{"line":15,"column":2}},"1":{"start":{"line":2,"column":15},"end":{"line":2,"column":17}},"2":{"start":{"line":4,"column":24},"end":{"line":4,"column":46}},"3":{"start":{"line":6,"column":4},"end":{"line":12,"column":null}},"4":{"start":{"line":7,"column":8},"end":{"line":9,"column":22}},"5":{"start":{"line":11,"column":8},"end":{"line":11,"column":72}},"6":{"start":{"line":14,"column":4},"end":{"line":14,"column":30}}},"fnMap":{"0":{"name":"(anonymous_0)","decl":{"start":{"line":1,"column":15},"end":{"line":1,"column":16}},"loc":{"start":{"line":1,"column":40},"end":{"line":15,"column":1}}}},"branchMap":{"0":{"loc":{"start":{"line":6,"column":4},"end":{"line":12,"column":null}},"type":"if","locations":[{"start":{"line":6,"column":4},"end":{"line":12,"column":null}},{"start":{"line":6,"column":4},"end":{"line":12,"column":null}}]}},"s":{"0":1,"1":4,"2":4,"3":4,"4":4,"5":0,"6":4},"f":{"0":4},"b":{"0":[4,0]}}
}
